<?xml version="1.0" encoding="UTF-8"?>
<testsuites>
  <testsuite name="Presta" tests="14" assertions="60" failures="0" errors="0" time="2.254400">
    <testsuite name="Presta\RequestTest" file="/Users/sam/Projects/presta/tests/RequestTest.php" namespace="Presta" fullPackage="Presta" tests="1" assertions="2" failures="0" errors="0" time="2.179894">
      <testcase name="testGet" class="Presta\RequestTest" file="/Users/sam/Projects/presta/tests/RequestTest.php" line="76" assertions="2" time="2.179894"/>
    </testsuite>
    <testsuite name="Presta\ResponseTest" file="/Users/sam/Projects/presta/tests/ResponseTest.php" namespace="Presta" fullPackage="Presta" tests="13" assertions="58" failures="0" errors="0" time="0.074506">
      <testcase name="testParse_Response_2Header_ProperKeys" class="Presta\ResponseTest" file="/Users/sam/Projects/presta/tests/ResponseTest.php" line="27" assertions="6" time="0.004657"/>
      <testcase name="testParse_Response_2Header_ProperHTTPDeclarationElements" class="Presta\ResponseTest" file="/Users/sam/Projects/presta/tests/ResponseTest.php" line="38" assertions="3" time="0.014310"/>
      <testcase name="testParse_Response_2Header_ProperHeader_Blocks" class="Presta\ResponseTest" file="/Users/sam/Projects/presta/tests/ResponseTest.php" line="46" assertions="9" time="0.009829"/>
      <testcase name="testParse_Response_2Header_ProperHeaders" class="Presta\ResponseTest" file="/Users/sam/Projects/presta/tests/ResponseTest.php" line="65" assertions="7" time="0.007609"/>
      <testcase name="testParse_Response_2Header_BodyNotEmpty" class="Presta\ResponseTest" file="/Users/sam/Projects/presta/tests/ResponseTest.php" line="77" assertions="1" time="0.003174"/>
      <testcase name="testParse_Response_1Header_ProperKeys" class="Presta\ResponseTest" file="/Users/sam/Projects/presta/tests/ResponseTest.php" line="88" assertions="6" time="0.003767"/>
      <testcase name="testParse_Response_1Header_ProperHTTPDeclarationElements" class="Presta\ResponseTest" file="/Users/sam/Projects/presta/tests/ResponseTest.php" line="99" assertions="3" time="0.004634"/>
      <testcase name="testParse_Response_1Header_ProperHeader_Blocks" class="Presta\ResponseTest" file="/Users/sam/Projects/presta/tests/ResponseTest.php" line="107" assertions="5" time="0.005661"/>
      <testcase name="testParse_Response_1Header_ProperHeaders" class="Presta\ResponseTest" file="/Users/sam/Projects/presta/tests/ResponseTest.php" line="121" assertions="7" time="0.007477"/>
      <testcase name="testParse_Response_1Header_BodyNotEmpty" class="Presta\ResponseTest" file="/Users/sam/Projects/presta/tests/ResponseTest.php" line="133" assertions="1" time="0.002775"/>
      <testcase name="testParse_Response_1Header_NoBody_ProperKeys" class="Presta\ResponseTest" file="/Users/sam/Projects/presta/tests/ResponseTest.php" line="143" assertions="6" time="0.003624"/>
      <testcase name="testParse_Response_1Header_NoBody_ProperHTTPDeclarationElements" class="Presta\ResponseTest" file="/Users/sam/Projects/presta/tests/ResponseTest.php" line="154" assertions="3" time="0.004486"/>
      <testcase name="testParse_Response_1Header_NoBody_BodyIsEmpty" class="Presta\ResponseTest" file="/Users/sam/Projects/presta/tests/ResponseTest.php" line="163" assertions="1" time="0.002503"/>
    </testsuite>
    <testsuite name="Presta\Util\ArrTest" file="/Users/sam/Projects/presta/tests/util/ArrTest.php" namespace="Presta\Util" fullPackage="Presta.Util" tests="0" assertions="0" failures="0" errors="0" time="0.000000"/>
  </testsuite>
</testsuites>
